<?xml version="1.0" encoding="UTF-8"?>
<testsuite name="model.BookTest" tests="2" skipped="0" failures="0" errors="0" timestamp="2024-11-29T13:11:52" hostname="LAPTOP-SUI1PVJ2" time="0.006">
  <properties/>
  <testcase name="test2NonEqualBooks()" classname="model.BookTest" time="0.002"/>
  <testcase name="test2EqualBooks()" classname="model.BookTest" time="0.002"/>
  <system-out><![CDATA[]]></system-out>
  <system-err><![CDATA[]]></system-err>
</testsuite>
