<?xml version="1.0" encoding="UTF-8"?>
<testsuite name="model.LoanTest" tests="1" skipped="0" failures="0" errors="0" timestamp="2024-11-29T13:11:52" hostname="LAPTOP-SUI1PVJ2" time="0.021">
  <properties/>
  <testcase name="testDueDate()" classname="model.LoanTest" time="0.021"/>
  <system-out><![CDATA[]]></system-out>
  <system-err><![CDATA[]]></system-err>
</testsuite>
