<?xml version="1.0" encoding="UTF-8"?>
<testsuite name="model.BookCatalogTest" tests="5" skipped="0" failures="0" errors="0" timestamp="2024-11-29T13:11:52" hostname="LAPTOP-SUI1PVJ2" time="0.052">
  <properties/>
  <testcase name="testAddABook()" classname="model.BookCatalogTest" time="0.028"/>
  <testcase name="testFindBook()" classname="model.BookCatalogTest" time="0.007"/>
  <testcase name="testFindBookIgnoringCase()" classname="model.BookCatalogTest" time="0.002"/>
  <testcase name="testFindBookWithExtraSpaces()" classname="model.BookCatalogTest" time="0.003"/>
  <testcase name="testFindBookThatDoesntExist()" classname="model.BookCatalogTest" time="0.002"/>
  <system-out><![CDATA[]]></system-out>
  <system-err><![CDATA[]]></system-err>
</testsuite>
